Determining if the pthread_create exist failed with the following output:
Change Dir: /home/noroot/projects/CG/cmake-build-debug/CMakeFiles/CMakeTmp

Run Build Command:"/usr/bin/make" "cmTC_6f8c8/fast"
/usr/bin/make -f CMakeFiles/cmTC_6f8c8.dir/build.make CMakeFiles/cmTC_6f8c8.dir/build
make[1]: Entering directory '/home/noroot/projects/CG/cmake-build-debug/CMakeFiles/CMakeTmp'
Building C object CMakeFiles/cmTC_6f8c8.dir/CheckSymbolExists.c.o
/usr/bin/cc    -o CMakeFiles/cmTC_6f8c8.dir/CheckSymbolExists.c.o   -c /home/noroot/projects/CG/cmake-build-debug/CMakeFiles/CMakeTmp/CheckSymbolExists.c
Linking C executable cmTC_6f8c8
/opt/clion-2019.1/bin/cmake/linux/bin/cmake -E cmake_link_script CMakeFiles/cmTC_6f8c8.dir/link.txt --verbose=1
/usr/bin/cc      -rdynamic CMakeFiles/cmTC_6f8c8.dir/CheckSymbolExists.c.o  -o cmTC_6f8c8 
/usr/bin/ld: CMakeFiles/cmTC_6f8c8.dir/CheckSymbolExists.c.o: in function `main':
CheckSymbolExists.c:(.text+0x1b): undefined reference to `pthread_create'
collect2: error: ld returned 1 exit status
make[1]: *** [CMakeFiles/cmTC_6f8c8.dir/build.make:87: cmTC_6f8c8] Error 1
make[1]: Leaving directory '/home/noroot/projects/CG/cmake-build-debug/CMakeFiles/CMakeTmp'
make: *** [Makefile:121: cmTC_6f8c8/fast] Error 2

File /home/noroot/projects/CG/cmake-build-debug/CMakeFiles/CMakeTmp/CheckSymbolExists.c:
/* */
#include <pthread.h>

int main(int argc, char** argv)
{
  (void)argv;
#ifndef pthread_create
  return ((int*)(&pthread_create))[argc];
#else
  (void)argc;
  return 0;
#endif
}

Determining if the function pthread_create exists in the pthreads failed with the following output:
Change Dir: /home/noroot/projects/CG/cmake-build-debug/CMakeFiles/CMakeTmp

Run Build Command:"/usr/bin/make" "cmTC_ba8a9/fast"
/usr/bin/make -f CMakeFiles/cmTC_ba8a9.dir/build.make CMakeFiles/cmTC_ba8a9.dir/build
make[1]: Entering directory '/home/noroot/projects/CG/cmake-build-debug/CMakeFiles/CMakeTmp'
Building C object CMakeFiles/cmTC_ba8a9.dir/CheckFunctionExists.c.o
/usr/bin/cc   -DCHECK_FUNCTION_EXISTS=pthread_create   -o CMakeFiles/cmTC_ba8a9.dir/CheckFunctionExists.c.o   -c /opt/clion-2019.1/bin/cmake/linux/share/cmake-3.13/Modules/CheckFunctionExists.c
Linking C executable cmTC_ba8a9
/opt/clion-2019.1/bin/cmake/linux/bin/cmake -E cmake_link_script CMakeFiles/cmTC_ba8a9.dir/link.txt --verbose=1
/usr/bin/cc  -DCHECK_FUNCTION_EXISTS=pthread_create    -rdynamic CMakeFiles/cmTC_ba8a9.dir/CheckFunctionExists.c.o  -o cmTC_ba8a9 -lpthreads 
/usr/bin/ld: cannot find -lpthreads
collect2: error: ld returned 1 exit status
make[1]: *** [CMakeFiles/cmTC_ba8a9.dir/build.make:87: cmTC_ba8a9] Error 1
make[1]: Leaving directory '/home/noroot/projects/CG/cmake-build-debug/CMakeFiles/CMakeTmp'
make: *** [Makefile:121: cmTC_ba8a9/fast] Error 2


